21:19:47.234 [main                     ] DEBUG Logger               - Configured Logger
21:19:47.261 [main                     ] DEBUG GameApplication      - Logging settings
Title: 元气骑士阉割版
Version: 0.1
Width: 800
Height: 600
Fullscreen: false
Intro: false
Profiling: false
Single step:false
App Mode: DEVELOPER
Menu Key: ESCAPE
Stage Style: DECORATED
Scene Factory: class com.almasb.fxgl.app.scene.SceneFactory

21:19:47.724 [JavaFX Application Thread] DEBUG FXGLApplication      - Initializing FXGL
21:19:47.727 [JavaFX Application Thread] INFO  Engine               - FXGL-17.3 (30.03.2023 11.49) on WINDOWS (J:21.0.6 FX:21)
21:19:47.727 [JavaFX Application Thread] DEBUG Engine               - JRE Vendor Name: Oracle Corporation
21:19:47.728 [JavaFX Application Thread] DEBUG Engine               - Running on OS: Windows 11 version 10.0
21:19:47.728 [JavaFX Application Thread] DEBUG Engine               - Architecture: amd64
21:19:47.728 [JavaFX Application Thread] INFO  Engine               - Source code and latest versions at: https://github.com/AlmasB/FXGL
21:19:47.728 [JavaFX Application Thread] INFO  Engine               -       Ask questions and discuss at: https://github.com/AlmasB/FXGL/discussions
21:19:47.728 [JavaFX Application Thread] INFO  Engine               -              Join the FXGL chat at: https://gitter.im/AlmasB/FXGL
21:19:47.824 [JavaFX Application Thread] DEBUG PrimaryStageWindow   - Creating a JavaFX scene
21:19:47.864 [JavaFX Application Thread] DEBUG PrimaryStageWindow   - Target settings size: 800.0 x 600.0
21:19:47.864 [JavaFX Application Thread] DEBUG PrimaryStageWindow   - Scaled scene size:    800.0 x 600.0
21:19:47.864 [JavaFX Application Thread] DEBUG PrimaryStageWindow   - Scaled ratio: (1.0, 1.0)
21:19:47.865 [JavaFX Application Thread] DEBUG PrimaryStageWindow   - Set initial scene to FXGLStartupScene
21:19:47.867 [JavaFX Application Thread] DEBUG PrimaryStageWindow   - Opening main window
21:19:47.959 [JavaFX Application Thread] DEBUG PrimaryStageWindow   - Window border size: (14.66668701171875, 37.33331298828125)
21:19:47.959 [JavaFX Application Thread] DEBUG PrimaryStageWindow   - Scaled size: 800.0 x 600.0
21:19:47.959 [JavaFX Application Thread] DEBUG PrimaryStageWindow   - Scaled ratio: (1.0, 1.0)
21:19:47.960 [JavaFX Application Thread] DEBUG PrimaryStageWindow   - Scene size: 800.0 x 600.0
21:19:47.960 [JavaFX Application Thread] DEBUG PrimaryStageWindow   - Stage size: 814.6666870117188 x 637.3333129882812
21:19:47.966 [FXGL Background Thread 1 ] DEBUG Engine               - Initializing environment variables
21:19:48.020 [FXGL Background Thread 1 ] DEBUG FXGLAssetLoaderServi - User app class for loading assets: class org.csu.demo.yuanqi.MainApp
21:19:48.020 [FXGL Background Thread 1 ] DEBUG GameApplicationServi - Applying CSS: fxgl_dark.css
21:19:48.021 [FXGL Background Thread 1 ] DEBUG FXGLAssetLoaderServi - Loading from file system: jar:file:/C:/Users/15139/.m2/repository/com/github/almasb/fxgl/17.3/fxgl-17.3.jar!/fxglassets/ui/css/fxgl_dark.css
21:19:48.056 [FXGL Background Thread 1 ] DEBUG GameApplicationServi - Initializing application scenes
21:19:48.138 [FXGL Background Thread 1 ] DEBUG GameWorld            - Game world initialized
21:19:48.192 [FXGL Background Thread 1 ] DEBUG PhysicsWorld         - Physics world initialized: appHeight=600, physics.ppm=50.0
21:19:48.192 [FXGL Background Thread 1 ] DEBUG PhysicsWorld         - Using strategy: BRUTE_FORCE
21:19:48.195 [FXGL Background Thread 1 ] DEBUG GameScene            - Game scene initialized: 800x600
21:19:48.211 [FXGL Background Thread 1 ] DEBUG FXGL.DefaultMenu     - createMenuBodyGameMenu()
21:19:48.225 [FXGL Background Thread 1 ] DEBUG FXGL.DefaultMenu     - createOptionsMenu()
21:19:48.234 [FXGL Background Thread 1 ] DEBUG FXGLAssetLoaderServi - Loading from file system: jar:file:/C:/Users/15139/.m2/repository/com/github/almasb/fxgl/17.3/fxgl-17.3.jar!/fxglassets/textures/particles/smoke.png
21:19:48.333 [FXGL Background Thread 1 ] DEBUG FXGLAssetLoaderServi - Loading from file system: jar:file:/C:/Users/15139/.m2/repository/com/github/almasb/fxgl/17.3/fxgl-17.3.jar!/fxglassets/textures/particles/trace_horizontal.png
21:19:48.353 [FXGL Background Thread 1 ] DEBUG GameApplicationServi - Application scenes initialized
21:19:48.366 [FXGL Background Thread 1 ] DEBUG SystemBundleService  - Loading FXGL system data
21:19:48.369 [FXGL Background Thread 1 ] DEBUG FileSystemAccess     - Reading from: C:\Users\15139\Desktop\JavaFx-Basic\Yuanqi\system\fxgl.bundle
21:19:48.378 [FXGL Background Thread 1 ] DEBUG SystemBundleService  - Bundle FXGL: {}
21:19:48.378 [FXGL Background Thread 1 ] DEBUG UpdaterService       - Checking for updates
21:19:48.382 [FXGL Background Thread 4 ] DEBUG FXGLApplication      - Loading fonts
21:19:48.383 [FXGL Background Thread 4 ] DEBUG FXGLAssetLoaderServi - Loading from file system: jar:file:/C:/Users/15139/.m2/repository/com/github/almasb/fxgl/17.3/fxgl-17.3.jar!/fxglassets/ui/fonts/VarelaRound-Regular.ttf
21:19:48.383 [FXGL Background Thread 1 ] DEBUG FXGLApplication      - Loading default localization
21:19:48.385 [FXGL Background Thread 1 ] DEBUG FXGLAssetLoaderServi - Loading from file system: jar:file:/C:/Users/15139/.m2/repository/com/github/almasb/fxgl/17.3/fxgl-17.3.jar!/fxglassets/languages/english.lang
21:19:48.425 [FXGL Background Thread 4 ] DEBUG FXGLAssetLoaderServi - Loading from file system: jar:file:/C:/Users/15139/.m2/repository/com/github/almasb/fxgl/17.3/fxgl-17.3.jar!/fxglassets/ui/fonts/Abel-Regular.ttf
21:19:48.428 [FXGL Background Thread 4 ] DEBUG FXGLAssetLoaderServi - Loading from file system: jar:file:/C:/Users/15139/.m2/repository/com/github/almasb/fxgl/17.3/fxgl-17.3.jar!/fxglassets/ui/fonts/TerminalLandMono-Regular.otf
21:19:48.432 [FXGL Background Thread 4 ] DEBUG FXGLAssetLoaderServi - Loading from file system: jar:file:/C:/Users/15139/.m2/repository/com/github/almasb/fxgl/17.3/fxgl-17.3.jar!/fxglassets/ui/fonts/Courier-Prime.ttf
21:19:48.432 [FXGL Background Thread 1 ] INFO  FXGLApplication      - FXGL initialization took: 0.465 sec
21:19:48.434 [JavaFX Application Thread] DEBUG FXGLAssetLoaderServi - Loading from file system: jar:file:/C:/Users/15139/.m2/repository/com/github/almasb/fxgl/17.3/fxgl-17.3.jar!/fxglassets/textures/fxgl_icon.png
21:19:48.451 [JavaFX Application Thread] DEBUG FXGLAssetLoaderServi - Loading from file system: jar:file:/C:/Users/15139/.m2/repository/com/github/almasb/fxgl/17.3/fxgl-17.3.jar!/fxglassets/textures/fxgl_default_cursor.png
21:19:48.468 [JavaFX Application Thread] DEBUG Input                - Registered new binding: Screenshot - CTRL+8
21:19:48.469 [JavaFX Application Thread] DEBUG Input                - Registered new binding: System info dump - CTRL+9
21:19:48.470 [JavaFX Application Thread] DEBUG Input                - Registered new binding: Restart - CTRL+R
21:19:48.470 [JavaFX Application Thread] DEBUG Input                - Registered new binding: Toggle Debug Camera - CTRL+7
21:19:48.475 [JavaFX Application Thread] DEBUG LoopRunner           - Starting loop
21:19:48.475 [JavaFX Application Thread] DEBUG LoopRunner           - Initializing JavaFX AnimationTimerLoop
21:19:48.477 [JavaFX Application Thread] DEBUG GameApplicationServi - Starting new game
21:19:48.478 [JavaFX Application Thread] DEBUG Input                - Clearing active input actions
21:19:48.488 [JavaFX Application Thread] DEBUG GameApplicationServi - Removing overlay from FXGLStartupScene and adding to FXGLLoadingScene
21:19:48.489 [JavaFX Application Thread] DEBUG PrimaryStageWindow   - FXGLStartupScene -> FXGLLoadingScene
21:19:48.489 [JavaFX Application Thread] DEBUG GameApplicationServi - Clearing previous game
21:19:48.489 [JavaFX Application Thread] DEBUG GameScene            - Clearing game scene
21:19:48.489 [JavaFX Application Thread] DEBUG GameWorld            - Clearing game world
21:19:48.489 [JavaFX Application Thread] DEBUG PhysicsWorld         - Clearing physics world
21:19:48.491 [JavaFX Application Thread] DEBUG FXGLApplication      - Registering font factories with UI factory
21:19:48.491 [FXGL Background Thread 4 ] DEBUG FXGLApplication      - Initializing game
21:19:48.493 [FXGL Background Thread 4 ] INFO  FXGLApplication      - Game initialization took: 0.002 sec
21:19:48.555 [JavaFX Application Thread] DEBUG Input                - Clearing active input actions
21:19:48.560 [JavaFX Application Thread] DEBUG GameApplicationServi - Removing overlay from FXGLLoadingScene and adding to GameScene
21:19:48.560 [JavaFX Application Thread] DEBUG PrimaryStageWindow   - FXGLLoadingScene -> GameScene
21:19:48.700 [FXGL Background Thread 2 ] WARN  UpdaterService       - Failed to find updates: javax.net.ssl.SSLHandshakeException: PKIX path building failed: sun.security.provider.certpath.SunCertPathBuilderException: unable to find valid certification path to requested target
21:19:49.672 [JavaFX Application Thread] DEBUG FXGLApplication      - Exiting FXGL
21:19:49.672 [JavaFX Application Thread] DEBUG LoopRunner           - Stopping loop
21:19:49.673 [JavaFX Application Thread] DEBUG SystemBundleService  - Saving FXGL system data
21:19:49.675 [JavaFX Application Thread] DEBUG FileSystemAccess     - Writing to: C:\Users\15139\Desktop\JavaFx-Basic\Yuanqi\system\fxgl.bundle
21:19:49.677 [JavaFX Application Thread] DEBUG Async                - Shutting down background threads
21:19:49.677 [JavaFX Application Thread] DEBUG PrimaryStageWindow   - Closing main window
21:19:49.700 [JavaFX Application Thread] DEBUG Logger               - Closing Logger
