22:37:51.550 [main                     ] DEBUG Logger               - Configured Logger
22:37:51.593 [main                     ] DEBUG GameApplication      - Logging settings
Title: 元气骑士阉割版
Version: 0.2
Width: 1000
Height: 800
Fullscreen: false
Intro: false
Profiling: false
Single step:false
App Mode: DEVELOPER
Menu Key: ESCAPE
Stage Style: DECORATED
Scene Factory: class com.almasb.fxgl.app.scene.SceneFactory

22:37:52.818 [JavaFX Application Thread] DEBUG FXGLApplication      - Initializing FXGL
22:37:52.825 [JavaFX Application Thread] INFO  Engine               - FXGL-17.3 (30.03.2023 11.49) on WINDOWS (J:21.0.6 FX:21)
22:37:52.826 [JavaFX Application Thread] DEBUG Engine               - JRE Vendor Name: Oracle Corporation
22:37:52.826 [JavaFX Application Thread] DEBUG Engine               - Running on OS: Windows 11 version 10.0
22:37:52.826 [JavaFX Application Thread] DEBUG Engine               - Architecture: amd64
22:37:52.827 [JavaFX Application Thread] INFO  Engine               - Source code and latest versions at: https://github.com/AlmasB/FXGL
22:37:52.827 [JavaFX Application Thread] INFO  Engine               -       Ask questions and discuss at: https://github.com/AlmasB/FXGL/discussions
22:37:52.827 [JavaFX Application Thread] INFO  Engine               -              Join the FXGL chat at: https://gitter.im/AlmasB/FXGL
22:37:53.140 [JavaFX Application Thread] DEBUG PrimaryStageWindow   - Creating a JavaFX scene
22:37:53.288 [JavaFX Application Thread] DEBUG PrimaryStageWindow   - Target settings size: 1000.0 x 800.0
22:37:53.289 [JavaFX Application Thread] DEBUG PrimaryStageWindow   - Scaled scene size:    1000.0 x 800.0
22:37:53.290 [JavaFX Application Thread] DEBUG PrimaryStageWindow   - Scaled ratio: (1.0, 1.0)
22:37:53.292 [JavaFX Application Thread] DEBUG PrimaryStageWindow   - Set initial scene to FXGLStartupScene
22:37:53.299 [JavaFX Application Thread] DEBUG PrimaryStageWindow   - Opening main window
22:37:53.540 [JavaFX Application Thread] DEBUG PrimaryStageWindow   - Window border size: (14.66668701171875, 37.33331298828125)
22:37:53.540 [JavaFX Application Thread] DEBUG PrimaryStageWindow   - Scaled size: 1000.0 x 800.0
22:37:53.541 [JavaFX Application Thread] DEBUG PrimaryStageWindow   - Scaled ratio: (1.0, 1.0)
22:37:53.541 [JavaFX Application Thread] DEBUG PrimaryStageWindow   - Scene size: 1000.0 x 800.0
22:37:53.541 [JavaFX Application Thread] DEBUG PrimaryStageWindow   - Stage size: 1014.6666870117188 x 837.3333129882812
22:37:53.559 [FXGL Background Thread 1 ] DEBUG Engine               - Initializing environment variables
22:37:53.680 [FXGL Background Thread 1 ] DEBUG FXGLAssetLoaderServi - User app class for loading assets: class org.csu.demo.yuanqi.MainApp
22:37:53.681 [FXGL Background Thread 1 ] DEBUG GameApplicationServi - Applying CSS: fxgl_dark.css
22:37:53.684 [FXGL Background Thread 1 ] DEBUG FXGLAssetLoaderServi - Loading from file system: jar:file:/D:/maven/apache-maven-3.5.3/maven_repository/com/github/almasb/fxgl/17.3/fxgl-17.3.jar!/fxglassets/ui/css/fxgl_dark.css
22:37:53.780 [FXGL Background Thread 1 ] DEBUG GameApplicationServi - Initializing application scenes
22:37:53.968 [FXGL Background Thread 1 ] DEBUG GameWorld            - Game world initialized
22:37:54.084 [FXGL Background Thread 1 ] DEBUG PhysicsWorld         - Physics world initialized: appHeight=800, physics.ppm=50.0
22:37:54.084 [FXGL Background Thread 1 ] DEBUG PhysicsWorld         - Using strategy: BRUTE_FORCE
22:37:54.092 [FXGL Background Thread 1 ] DEBUG GameScene            - Game scene initialized: 1000x800
22:37:54.126 [FXGL Background Thread 1 ] DEBUG FXGL.DefaultMenu     - createMenuBodyGameMenu()
22:37:54.165 [FXGL Background Thread 1 ] DEBUG FXGL.DefaultMenu     - createOptionsMenu()
22:37:54.187 [FXGL Background Thread 1 ] DEBUG FXGLAssetLoaderServi - Loading from file system: jar:file:/D:/maven/apache-maven-3.5.3/maven_repository/com/github/almasb/fxgl/17.3/fxgl-17.3.jar!/fxglassets/textures/particles/smoke.png
22:37:54.433 [FXGL Background Thread 1 ] DEBUG FXGLAssetLoaderServi - Loading from file system: jar:file:/D:/maven/apache-maven-3.5.3/maven_repository/com/github/almasb/fxgl/17.3/fxgl-17.3.jar!/fxglassets/textures/particles/trace_horizontal.png
22:37:54.492 [FXGL Background Thread 1 ] DEBUG GameApplicationServi - Application scenes initialized
22:37:54.539 [FXGL Background Thread 1 ] DEBUG SystemBundleService  - Loading FXGL system data
22:37:54.549 [FXGL Background Thread 1 ] DEBUG FileSystemAccess     - Reading from: C:\Users\15139\Desktop\JavaFx-Basic\Yuanqi\system\fxgl.bundle
22:37:54.577 [FXGL Background Thread 1 ] DEBUG SystemBundleService  - Bundle FXGL: {}
22:37:54.577 [FXGL Background Thread 1 ] DEBUG UpdaterService       - Checking for updates
22:37:54.588 [FXGL Background Thread 4 ] DEBUG FXGLApplication      - Loading fonts
22:37:54.589 [FXGL Background Thread 4 ] DEBUG FXGLAssetLoaderServi - Loading from file system: jar:file:/D:/maven/apache-maven-3.5.3/maven_repository/com/github/almasb/fxgl/17.3/fxgl-17.3.jar!/fxglassets/ui/fonts/VarelaRound-Regular.ttf
22:37:54.591 [FXGL Background Thread 1 ] DEBUG FXGLApplication      - Loading default localization
22:37:54.595 [FXGL Background Thread 1 ] DEBUG FXGLAssetLoaderServi - Loading from file system: jar:file:/D:/maven/apache-maven-3.5.3/maven_repository/com/github/almasb/fxgl/17.3/fxgl-17.3.jar!/fxglassets/languages/english.lang
22:37:54.699 [FXGL Background Thread 4 ] DEBUG FXGLAssetLoaderServi - Loading from file system: jar:file:/D:/maven/apache-maven-3.5.3/maven_repository/com/github/almasb/fxgl/17.3/fxgl-17.3.jar!/fxglassets/ui/fonts/Abel-Regular.ttf
22:37:54.709 [FXGL Background Thread 4 ] DEBUG FXGLAssetLoaderServi - Loading from file system: jar:file:/D:/maven/apache-maven-3.5.3/maven_repository/com/github/almasb/fxgl/17.3/fxgl-17.3.jar!/fxglassets/ui/fonts/TerminalLandMono-Regular.otf
22:37:54.714 [FXGL Background Thread 1 ] INFO  FXGLApplication      - FXGL initialization took: 1.155 sec
22:37:54.720 [FXGL Background Thread 4 ] DEBUG FXGLAssetLoaderServi - Loading from file system: jar:file:/D:/maven/apache-maven-3.5.3/maven_repository/com/github/almasb/fxgl/17.3/fxgl-17.3.jar!/fxglassets/ui/fonts/Courier-Prime.ttf
22:37:54.742 [JavaFX Application Thread] DEBUG Input                - Registered new binding: action0 - A
22:37:54.744 [JavaFX Application Thread] DEBUG Input                - Registered new binding: action1 - D
22:37:54.745 [JavaFX Application Thread] DEBUG Input                - Registered new binding: action2 - W
22:37:54.747 [JavaFX Application Thread] DEBUG Input                - Registered new binding: action3 - S
22:37:54.756 [JavaFX Application Thread] DEBUG Input                - Registered new binding: action4 - LMB
22:37:54.756 [JavaFX Application Thread] DEBUG FXGLAssetLoaderServi - Loading from file system: jar:file:/D:/maven/apache-maven-3.5.3/maven_repository/com/github/almasb/fxgl/17.3/fxgl-17.3.jar!/fxglassets/textures/fxgl_icon.png
22:37:54.802 [JavaFX Application Thread] DEBUG FXGLAssetLoaderServi - Loading from file system: jar:file:/D:/maven/apache-maven-3.5.3/maven_repository/com/github/almasb/fxgl/17.3/fxgl-17.3.jar!/fxglassets/textures/fxgl_default_cursor.png
22:37:54.810 [JavaFX Application Thread] DEBUG Input                - Registered new binding: Screenshot - CTRL+8
22:37:54.812 [JavaFX Application Thread] DEBUG Input                - Registered new binding: System info dump - CTRL+9
22:37:54.813 [JavaFX Application Thread] DEBUG Input                - Registered new binding: Restart - CTRL+R
22:37:54.817 [JavaFX Application Thread] DEBUG Input                - Registered new binding: Toggle Debug Camera - CTRL+7
22:37:54.835 [JavaFX Application Thread] DEBUG LoopRunner           - Starting loop
22:37:54.835 [JavaFX Application Thread] DEBUG LoopRunner           - Initializing JavaFX AnimationTimerLoop
22:37:54.846 [JavaFX Application Thread] DEBUG GameApplicationServi - Starting new game
22:37:54.848 [JavaFX Application Thread] DEBUG Input                - Clearing active input actions
22:37:54.894 [JavaFX Application Thread] DEBUG GameApplicationServi - Removing overlay from FXGLStartupScene and adding to FXGLLoadingScene
22:37:54.895 [JavaFX Application Thread] DEBUG PrimaryStageWindow   - FXGLStartupScene -> FXGLLoadingScene
22:37:54.895 [JavaFX Application Thread] DEBUG GameApplicationServi - Clearing previous game
22:37:54.895 [JavaFX Application Thread] DEBUG GameScene            - Clearing game scene
22:37:54.895 [JavaFX Application Thread] DEBUG GameWorld            - Clearing game world
22:37:54.895 [JavaFX Application Thread] DEBUG PhysicsWorld         - Clearing physics world
22:37:54.903 [FXGL Background Thread 4 ] DEBUG FXGLApplication      - Initializing game
22:37:54.903 [JavaFX Application Thread] DEBUG FXGLApplication      - Registering font factories with UI factory
22:37:55.177 [FXGL Background Thread 4 ] INFO  FXGLApplication      - Game initialization took: 0.275 sec
22:37:55.311 [JavaFX Application Thread] DEBUG Input                - Clearing active input actions
22:37:55.331 [JavaFX Application Thread] DEBUG GameApplicationServi - Removing overlay from FXGLLoadingScene and adding to GameScene
22:37:55.332 [JavaFX Application Thread] DEBUG PrimaryStageWindow   - FXGLLoadingScene -> GameScene
22:37:56.436 [FXGL Background Thread 2 ] INFO  UpdaterService       - Your current version:  17.3
22:37:56.436 [FXGL Background Thread 2 ] INFO  UpdaterService       - Latest stable version: 21.1
22:37:57.584 [FXGL Background Thread 3 ] DEBUG Engine               - Logging environment variables
22:37:57.584 [FXGL Background Thread 3 ] DEBUG Engine               - achievements: []
22:37:57.584 [FXGL Background Thread 3 ] DEBUG Engine               - actualHeight: 800.0
22:37:57.585 [FXGL Background Thread 3 ] DEBUG Engine               - actualHeightProperty: ReadOnlyDoubleProperty [value: 800.0]
22:37:57.585 [FXGL Background Thread 3 ] DEBUG Engine               - actualWidth: 1000.0
22:37:57.585 [FXGL Background Thread 3 ] DEBUG Engine               - actualWidthProperty: ReadOnlyDoubleProperty [value: 1000.0]
22:37:57.585 [FXGL Background Thread 3 ] DEBUG Engine               - appIcon: fxgl_icon.png
22:37:57.585 [FXGL Background Thread 3 ] DEBUG Engine               - applicationMode: DEVELOPER
22:37:57.585 [FXGL Background Thread 3 ] DEBUG Engine               - cSSList: [fxgl_dark.css]
22:37:57.585 [FXGL Background Thread 3 ] DEBUG Engine               - collisionDetectionStrategy: BRUTE_FORCE
22:37:57.585 [FXGL Background Thread 3 ] DEBUG Engine               - configClass: Optional.empty
22:37:57.585 [FXGL Background Thread 3 ] DEBUG Engine               - credits: []
22:37:57.585 [FXGL Background Thread 3 ] DEBUG Engine               - defaultCursor: CursorInfo(imageName=fxgl_default_cursor.png, hotspotX=7.0, hotspotY=6.0)
22:37:57.586 [FXGL Background Thread 3 ] DEBUG Engine               - devBBoxColorProperty: ObjectProperty [value: 0xff0000ff]
22:37:57.586 [FXGL Background Thread 3 ] DEBUG Engine               - devEnableDebugCameraProperty: BooleanProperty [value: false]
22:37:57.586 [FXGL Background Thread 3 ] DEBUG Engine               - devSensorColorProperty: ObjectProperty [value: 0xffff00ff]
22:37:57.586 [FXGL Background Thread 3 ] DEBUG Engine               - devShowBBoxProperty: BooleanProperty [value: false]
22:37:57.586 [FXGL Background Thread 3 ] DEBUG Engine               - devShowPositionProperty: BooleanProperty [value: false]
22:37:57.586 [FXGL Background Thread 3 ] DEBUG Engine               - enabledMenuItems: []
22:37:57.586 [FXGL Background Thread 3 ] DEBUG Engine               - engineServices: [class com.almasb.fxgl.app.services.FXGLAssetLoaderService, class com.almasb.fxgl.app.FXGLApplication$GameApplicationService, class com.almasb.fxgl.app.services.FXGLDialogService, class com.almasb.fxgl.app.services.IOTaskExecutorService, class com.almasb.fxgl.io.FileSystemService, class com.almasb.fxgl.localization.LocalizationService, class com.almasb.fxgl.app.services.SystemBundleService, class com.almasb.fxgl.profile.SaveLoadService, class com.almasb.fxgl.ui.FXGLUIFactoryServiceProvider, class com.almasb.fxgl.ui.FXGLDialogFactoryServiceProvider, class com.almasb.fxgl.audio.AudioPlayer, class com.almasb.fxgl.notification.impl.NotificationServiceProvider, class com.almasb.fxgl.achievement.AchievementService, class com.almasb.fxgl.cutscene.CutsceneService, class com.almasb.fxgl.minigames.MiniGameService, class com.almasb.fxgl.net.NetService, class com.almasb.fxgl.app.services.UpdaterService, class com.almasb.fxgl.dev.DevService]
22:37:57.586 [FXGL Background Thread 3 ] DEBUG Engine               - fontGame: Abel-Regular.ttf
22:37:57.587 [FXGL Background Thread 3 ] DEBUG Engine               - fontMono: TerminalLandMono-Regular.otf
22:37:57.587 [FXGL Background Thread 3 ] DEBUG Engine               - fontSizeScaleUI: 1.0
22:37:57.587 [FXGL Background Thread 3 ] DEBUG Engine               - fontText: Courier-Prime.ttf
22:37:57.587 [FXGL Background Thread 3 ] DEBUG Engine               - fontUI: VarelaRound-Regular.ttf
22:37:57.587 [FXGL Background Thread 3 ] DEBUG Engine               - fullScreen: BooleanProperty [value: false]
22:37:57.587 [FXGL Background Thread 3 ] DEBUG Engine               - gameDifficulty: MEDIUM
22:37:57.587 [FXGL Background Thread 3 ] DEBUG Engine               - gameDifficultyProperty: ObjectProperty [value: MEDIUM]
22:37:57.587 [FXGL Background Thread 3 ] DEBUG Engine               - globalMusicVolume: 0.5
22:37:57.587 [FXGL Background Thread 3 ] DEBUG Engine               - globalMusicVolumeProperty: DoubleProperty [value: 0.5]
22:37:57.587 [FXGL Background Thread 3 ] DEBUG Engine               - globalSoundVolume: 0.5
22:37:57.587 [FXGL Background Thread 3 ] DEBUG Engine               - globalSoundVolumeProperty: DoubleProperty [value: 0.5]
22:37:57.587 [FXGL Background Thread 3 ] DEBUG Engine               - height: 800
22:37:57.587 [FXGL Background Thread 3 ] DEBUG Engine               - is3D: false
22:37:57.587 [FXGL Background Thread 3 ] DEBUG Engine               - isAndroid: false
22:37:57.587 [FXGL Background Thread 3 ] DEBUG Engine               - isBrowser: false
22:37:57.587 [FXGL Background Thread 3 ] DEBUG Engine               - isClickFeedbackEnabled: false
22:37:57.588 [FXGL Background Thread 3 ] DEBUG Engine               - isCloseConfirmation: false
22:37:57.588 [FXGL Background Thread 3 ] DEBUG Engine               - isDesktop: true
22:37:57.588 [FXGL Background Thread 3 ] DEBUG Engine               - isDeveloperMenuEnabled: false
22:37:57.588 [FXGL Background Thread 3 ] DEBUG Engine               - isEmbedded: false
22:37:57.588 [FXGL Background Thread 3 ] DEBUG Engine               - isEntityPreloadEnabled: true
22:37:57.588 [FXGL Background Thread 3 ] DEBUG Engine               - isExperimentalTiledLargeMap: false
22:37:57.588 [FXGL Background Thread 3 ] DEBUG Engine               - isFileSystemWriteAllowed: true
22:37:57.588 [FXGL Background Thread 3 ] DEBUG Engine               - isFullScreenAllowed: false
22:37:57.588 [FXGL Background Thread 3 ] DEBUG Engine               - isFullScreenFromStart: false
22:37:57.588 [FXGL Background Thread 3 ] DEBUG Engine               - isGameMenuEnabled: true
22:37:57.588 [FXGL Background Thread 3 ] DEBUG Engine               - isIOS: false
22:37:57.588 [FXGL Background Thread 3 ] DEBUG Engine               - isIntroEnabled: false
22:37:57.588 [FXGL Background Thread 3 ] DEBUG Engine               - isLinux: false
22:37:57.588 [FXGL Background Thread 3 ] DEBUG Engine               - isMac: false
22:37:57.588 [FXGL Background Thread 3 ] DEBUG Engine               - isMainMenuEnabled: false
22:37:57.588 [FXGL Background Thread 3 ] DEBUG Engine               - isManualResizeEnabled: false
22:37:57.588 [FXGL Background Thread 3 ] DEBUG Engine               - isMobile: false
22:37:57.588 [FXGL Background Thread 3 ] DEBUG Engine               - isNative: false
22:37:57.588 [FXGL Background Thread 3 ] DEBUG Engine               - isPauseMusicWhenMinimized: true
22:37:57.588 [FXGL Background Thread 3 ] DEBUG Engine               - isPreserveResizeRatio: false
22:37:57.588 [FXGL Background Thread 3 ] DEBUG Engine               - isProfilingEnabled: false
22:37:57.588 [FXGL Background Thread 3 ] DEBUG Engine               - isScaleAffectedOnResize: true
22:37:57.588 [FXGL Background Thread 3 ] DEBUG Engine               - isSingleStep: false
22:37:57.588 [FXGL Background Thread 3 ] DEBUG Engine               - isUserProfileEnabled: false
22:37:57.588 [FXGL Background Thread 3 ] DEBUG Engine               - isWindows: true
22:37:57.588 [FXGL Background Thread 3 ] DEBUG Engine               - language: ObjectProperty [value: ENGLISH]
22:37:57.588 [FXGL Background Thread 3 ] DEBUG Engine               - menuKey: ESCAPE
22:37:57.588 [FXGL Background Thread 3 ] DEBUG Engine               - mouseSensitivity: 0.2
22:37:57.588 [FXGL Background Thread 3 ] DEBUG Engine               - notificationViewClass: class com.almasb.fxgl.notification.view.XboxNotificationView
22:37:57.588 [FXGL Background Thread 3 ] DEBUG Engine               - pixelsPerMeter: 50.0
22:37:57.588 [FXGL Background Thread 3 ] DEBUG Engine               - platform: WINDOWS
22:37:57.589 [FXGL Background Thread 3 ] DEBUG Engine               - prefHeightProperty: ReadOnlyDoubleProperty [value: 800.0]
22:37:57.589 [FXGL Background Thread 3 ] DEBUG Engine               - prefWidthProperty: ReadOnlyDoubleProperty [value: 1000.0]
22:37:57.589 [FXGL Background Thread 3 ] DEBUG Engine               - profileDir: profiles/
22:37:57.589 [FXGL Background Thread 3 ] DEBUG Engine               - profileName: StringProperty [value: DEFAULT]
22:37:57.589 [FXGL Background Thread 3 ] DEBUG Engine               - randomSeed: -1
22:37:57.589 [FXGL Background Thread 3 ] DEBUG Engine               - runtimeInfo: RuntimeInfo(platform=WINDOWS, version=17.3, build=30.03.2023 11.49)
22:37:57.589 [FXGL Background Thread 3 ] DEBUG Engine               - saveFileExt: sav
22:37:57.589 [FXGL Background Thread 3 ] DEBUG Engine               - scaledHeightProp$fxgl: DoubleProperty [bound, value: 800.0]
22:37:57.589 [FXGL Background Thread 3 ] DEBUG Engine               - scaledWidthProp$fxgl: DoubleProperty [bound, value: 1000.0]
22:37:57.589 [FXGL Background Thread 3 ] DEBUG Engine               - sceneFactory: com.almasb.fxgl.app.scene.SceneFactory@5fd0df88
22:37:57.589 [FXGL Background Thread 3 ] DEBUG Engine               - secondsIn24h: 60
22:37:57.589 [FXGL Background Thread 3 ] DEBUG Engine               - soundMenuBack: menu/back.wav
22:37:57.589 [FXGL Background Thread 3 ] DEBUG Engine               - soundMenuPress: menu/press.wav
22:37:57.589 [FXGL Background Thread 3 ] DEBUG Engine               - soundMenuSelect: menu/select.wav
22:37:57.589 [FXGL Background Thread 3 ] DEBUG Engine               - soundNotification: core/notification.wav
22:37:57.589 [FXGL Background Thread 3 ] DEBUG Engine               - stageStyle: DECORATED
22:37:57.589 [FXGL Background Thread 3 ] DEBUG Engine               - supportedLanguages: [ENGLISH, FRENCH, GERMAN, HUNGARIAN, RUSSIAN]
22:37:57.589 [FXGL Background Thread 3 ] DEBUG Engine               - ticksPerSecond: -1
22:37:57.589 [FXGL Background Thread 3 ] DEBUG Engine               - title: 元气骑士阉割版
22:37:57.589 [FXGL Background Thread 3 ] DEBUG Engine               - urlGithub: https://github.com/AlmasB/FXGL
22:37:57.589 [FXGL Background Thread 3 ] DEBUG Engine               - urlLeaderboard: http://fxgl-top.herokuapp.com/
22:37:57.589 [FXGL Background Thread 3 ] DEBUG Engine               - urlPOM: https://raw.githubusercontent.com/AlmasB/FXGL/release/README.md
22:37:57.589 [FXGL Background Thread 3 ] DEBUG Engine               - userAppClass: class org.csu.demo.yuanqi.MainApp
22:37:57.589 [FXGL Background Thread 3 ] DEBUG Engine               - version: 0.2
22:37:57.589 [FXGL Background Thread 3 ] DEBUG Engine               - versionCheckDays: 7
22:37:57.589 [FXGL Background Thread 3 ] DEBUG Engine               - width: 1000
22:37:57.589 [FXGL Background Thread 3 ] DEBUG Engine               - Logging services
22:37:57.589 [FXGL Background Thread 3 ] DEBUG Engine               - class com.almasb.fxgl.app.services.FXGLAssetLoaderService
22:37:57.590 [FXGL Background Thread 3 ] DEBUG Engine               - class com.almasb.fxgl.app.FXGLApplication$GameApplicationService
22:37:57.590 [FXGL Background Thread 3 ] DEBUG Engine               - class com.almasb.fxgl.app.services.FXGLDialogService
22:37:57.590 [FXGL Background Thread 3 ] DEBUG Engine               - class com.almasb.fxgl.app.services.IOTaskExecutorService
22:37:57.590 [FXGL Background Thread 3 ] DEBUG Engine               - class com.almasb.fxgl.io.FileSystemService
22:37:57.590 [FXGL Background Thread 3 ] DEBUG Engine               - class com.almasb.fxgl.localization.LocalizationService
22:37:57.590 [FXGL Background Thread 3 ] DEBUG Engine               - class com.almasb.fxgl.app.services.SystemBundleService
22:37:57.590 [FXGL Background Thread 3 ] DEBUG Engine               - class com.almasb.fxgl.profile.SaveLoadService
22:37:57.590 [FXGL Background Thread 3 ] DEBUG Engine               - class com.almasb.fxgl.ui.FXGLUIFactoryServiceProvider
22:37:57.590 [FXGL Background Thread 3 ] DEBUG Engine               - class com.almasb.fxgl.ui.FXGLDialogFactoryServiceProvider
22:37:57.590 [FXGL Background Thread 3 ] DEBUG Engine               - class com.almasb.fxgl.audio.AudioPlayer
22:37:57.590 [FXGL Background Thread 3 ] DEBUG Engine               - class com.almasb.fxgl.notification.impl.NotificationServiceProvider
22:37:57.590 [FXGL Background Thread 3 ] DEBUG Engine               - class com.almasb.fxgl.achievement.AchievementService
22:37:57.590 [FXGL Background Thread 3 ] DEBUG Engine               - class com.almasb.fxgl.cutscene.CutsceneService
22:37:57.590 [FXGL Background Thread 3 ] DEBUG Engine               - class com.almasb.fxgl.minigames.MiniGameService
22:37:57.590 [FXGL Background Thread 3 ] DEBUG Engine               - class com.almasb.fxgl.net.NetService
22:37:57.590 [FXGL Background Thread 3 ] DEBUG Engine               - class com.almasb.fxgl.app.services.UpdaterService
22:37:57.590 [FXGL Background Thread 3 ] DEBUG Engine               - class com.almasb.fxgl.dev.DevService
22:38:23.145 [JavaFX Application Thread] DEBUG PrimaryStageWindow   - Push state: FXGLDefaultMenu
22:38:23.150 [JavaFX Application Thread] DEBUG Input                - Clearing active input actions
22:38:23.156 [JavaFX Application Thread] DEBUG GameApplicationServi - Removing overlay from GameScene and adding to FXGLDefaultMenu
22:38:23.156 [JavaFX Application Thread] DEBUG PrimaryStageWindow   - GameScene -> FXGLDefaultMenu
22:38:24.831 [JavaFX Application Thread] DEBUG Menu                 - fireExit()
22:38:24.834 [JavaFX Application Thread] DEBUG PrimaryStageWindow   - Push state: DialogSubScene
22:38:24.834 [JavaFX Application Thread] DEBUG Input                - Clearing active input actions
22:38:24.835 [JavaFX Application Thread] DEBUG GameApplicationServi - Removing overlay from FXGLDefaultMenu and adding to DialogSubScene
22:38:24.835 [JavaFX Application Thread] DEBUG PrimaryStageWindow   - FXGLDefaultMenu -> DialogSubScene
22:38:25.642 [JavaFX Application Thread] DEBUG PrimaryStageWindow   - Pop state: DialogSubScene
22:38:25.642 [JavaFX Application Thread] DEBUG Input                - Clearing active input actions
22:38:25.642 [JavaFX Application Thread] DEBUG GameApplicationServi - Removing overlay from DialogSubScene and adding to FXGLDefaultMenu
22:38:25.643 [JavaFX Application Thread] DEBUG PrimaryStageWindow   - FXGLDefaultMenu <- DialogSubScene
22:38:25.643 [JavaFX Application Thread] DEBUG FXGLApplication      - Exiting FXGL
22:38:25.643 [JavaFX Application Thread] DEBUG LoopRunner           - Stopping loop
22:38:25.643 [JavaFX Application Thread] DEBUG SystemBundleService  - Saving FXGL system data
22:38:25.646 [JavaFX Application Thread] DEBUG FileSystemAccess     - Writing to: C:\Users\15139\Desktop\JavaFx-Basic\Yuanqi\system\fxgl.bundle
22:38:25.648 [JavaFX Application Thread] DEBUG Async                - Shutting down background threads
22:38:25.648 [JavaFX Application Thread] DEBUG PrimaryStageWindow   - Closing main window
22:38:25.670 [JavaFX Application Thread] DEBUG Logger               - Closing Logger
