22:10:34.345 [main                     ] DEBUG Logger               - Configured Logger
22:10:34.373 [main                     ] DEBUG GameApplication      - Logging settings
Title: 元气骑士阉割版
Version: 0.2
Width: 1000
Height: 800
Fullscreen: false
Intro: false
Profiling: false
Single step:false
App Mode: DEVELOPER
Menu Key: ESCAPE
Stage Style: DECORATED
Scene Factory: class com.almasb.fxgl.app.scene.SceneFactory

22:10:34.850 [JavaFX Application Thread] DEBUG FXGLApplication      - Initializing FXGL
22:10:34.852 [JavaFX Application Thread] INFO  Engine               - FXGL-17.3 (30.03.2023 11.49) on WINDOWS (J:21.0.6 FX:21)
22:10:34.853 [JavaFX Application Thread] DEBUG Engine               - JRE Vendor Name: Oracle Corporation
22:10:34.853 [JavaFX Application Thread] DEBUG Engine               - Running on OS: Windows 11 version 10.0
22:10:34.853 [JavaFX Application Thread] DEBUG Engine               - Architecture: amd64
22:10:34.853 [JavaFX Application Thread] INFO  Engine               - Source code and latest versions at: https://github.com/AlmasB/FXGL
22:10:34.853 [JavaFX Application Thread] INFO  Engine               -       Ask questions and discuss at: https://github.com/AlmasB/FXGL/discussions
22:10:34.853 [JavaFX Application Thread] INFO  Engine               -              Join the FXGL chat at: https://gitter.im/AlmasB/FXGL
22:10:34.950 [JavaFX Application Thread] DEBUG PrimaryStageWindow   - Creating a JavaFX scene
22:10:34.994 [JavaFX Application Thread] DEBUG PrimaryStageWindow   - Target settings size: 1000.0 x 800.0
22:10:34.994 [JavaFX Application Thread] DEBUG PrimaryStageWindow   - Scaled scene size:    1000.0 x 800.0
22:10:34.994 [JavaFX Application Thread] DEBUG PrimaryStageWindow   - Scaled ratio: (1.0, 1.0)
22:10:34.995 [JavaFX Application Thread] DEBUG PrimaryStageWindow   - Set initial scene to FXGLStartupScene
22:10:34.997 [JavaFX Application Thread] DEBUG PrimaryStageWindow   - Opening main window
22:10:35.268 [JavaFX Application Thread] DEBUG PrimaryStageWindow   - Window border size: (14.66668701171875, 37.33331298828125)
22:10:35.269 [JavaFX Application Thread] DEBUG PrimaryStageWindow   - Scaled size: 1000.0 x 800.0
22:10:35.269 [JavaFX Application Thread] DEBUG PrimaryStageWindow   - Scaled ratio: (1.0, 1.0)
22:10:35.269 [JavaFX Application Thread] DEBUG PrimaryStageWindow   - Scene size: 1000.0 x 800.0
22:10:35.269 [JavaFX Application Thread] DEBUG PrimaryStageWindow   - Stage size: 1014.6666870117188 x 837.3333129882812
22:10:35.274 [FXGL Background Thread 1 ] DEBUG Engine               - Initializing environment variables
22:10:35.325 [FXGL Background Thread 1 ] DEBUG FXGLAssetLoaderServi - User app class for loading assets: class org.csu.demo.yuanqi.MainApp
22:10:35.325 [FXGL Background Thread 1 ] DEBUG GameApplicationServi - Applying CSS: fxgl_dark.css
22:10:35.326 [FXGL Background Thread 1 ] DEBUG FXGLAssetLoaderServi - Loading from file system: jar:file:/D:/maven/apache-maven-3.5.3/maven_repository/com/github/almasb/fxgl/17.3/fxgl-17.3.jar!/fxglassets/ui/css/fxgl_dark.css
22:10:35.361 [FXGL Background Thread 1 ] DEBUG GameApplicationServi - Initializing application scenes
22:10:35.443 [FXGL Background Thread 1 ] DEBUG GameWorld            - Game world initialized
22:10:35.502 [FXGL Background Thread 1 ] DEBUG PhysicsWorld         - Physics world initialized: appHeight=800, physics.ppm=50.0
22:10:35.502 [FXGL Background Thread 1 ] DEBUG PhysicsWorld         - Using strategy: BRUTE_FORCE
22:10:35.506 [FXGL Background Thread 1 ] DEBUG GameScene            - Game scene initialized: 1000x800
22:10:35.519 [FXGL Background Thread 1 ] DEBUG FXGL.DefaultMenu     - createMenuBodyGameMenu()
22:10:35.532 [FXGL Background Thread 1 ] DEBUG FXGL.DefaultMenu     - createOptionsMenu()
22:10:35.539 [FXGL Background Thread 1 ] DEBUG FXGLAssetLoaderServi - Loading from file system: jar:file:/D:/maven/apache-maven-3.5.3/maven_repository/com/github/almasb/fxgl/17.3/fxgl-17.3.jar!/fxglassets/textures/particles/smoke.png
22:10:35.643 [FXGL Background Thread 1 ] DEBUG FXGLAssetLoaderServi - Loading from file system: jar:file:/D:/maven/apache-maven-3.5.3/maven_repository/com/github/almasb/fxgl/17.3/fxgl-17.3.jar!/fxglassets/textures/particles/trace_horizontal.png
22:10:35.666 [FXGL Background Thread 1 ] DEBUG GameApplicationServi - Application scenes initialized
22:10:35.678 [FXGL Background Thread 1 ] DEBUG SystemBundleService  - Loading FXGL system data
22:10:35.682 [FXGL Background Thread 1 ] DEBUG FileSystemAccess     - Reading from: C:\Users\15139\Desktop\JavaFx-Basic\Yuanqi\system\fxgl.bundle
22:10:35.689 [FXGL Background Thread 1 ] DEBUG SystemBundleService  - Bundle FXGL: {}
22:10:35.689 [FXGL Background Thread 1 ] DEBUG UpdaterService       - Checking for updates
22:10:35.692 [FXGL Background Thread 4 ] DEBUG FXGLApplication      - Loading fonts
22:10:35.692 [FXGL Background Thread 4 ] DEBUG FXGLAssetLoaderServi - Loading from file system: jar:file:/D:/maven/apache-maven-3.5.3/maven_repository/com/github/almasb/fxgl/17.3/fxgl-17.3.jar!/fxglassets/ui/fonts/VarelaRound-Regular.ttf
22:10:35.693 [FXGL Background Thread 1 ] DEBUG FXGLApplication      - Loading default localization
22:10:35.694 [FXGL Background Thread 1 ] DEBUG FXGLAssetLoaderServi - Loading from file system: jar:file:/D:/maven/apache-maven-3.5.3/maven_repository/com/github/almasb/fxgl/17.3/fxgl-17.3.jar!/fxglassets/languages/english.lang
22:10:35.739 [FXGL Background Thread 4 ] DEBUG FXGLAssetLoaderServi - Loading from file system: jar:file:/D:/maven/apache-maven-3.5.3/maven_repository/com/github/almasb/fxgl/17.3/fxgl-17.3.jar!/fxglassets/ui/fonts/Abel-Regular.ttf
22:10:35.743 [FXGL Background Thread 4 ] DEBUG FXGLAssetLoaderServi - Loading from file system: jar:file:/D:/maven/apache-maven-3.5.3/maven_repository/com/github/almasb/fxgl/17.3/fxgl-17.3.jar!/fxglassets/ui/fonts/TerminalLandMono-Regular.otf
22:10:35.747 [FXGL Background Thread 4 ] DEBUG FXGLAssetLoaderServi - Loading from file system: jar:file:/D:/maven/apache-maven-3.5.3/maven_repository/com/github/almasb/fxgl/17.3/fxgl-17.3.jar!/fxglassets/ui/fonts/Courier-Prime.ttf
22:10:35.752 [FXGL Background Thread 1 ] INFO  FXGLApplication      - FXGL initialization took: 0.478 sec
22:10:35.770 [JavaFX Application Thread] DEBUG Input                - Registered new binding: action0 - A
22:10:35.771 [JavaFX Application Thread] DEBUG Input                - Registered new binding: action1 - D
22:10:35.771 [JavaFX Application Thread] DEBUG Input                - Registered new binding: action2 - W
22:10:35.772 [JavaFX Application Thread] DEBUG Input                - Registered new binding: action3 - S
22:10:35.774 [JavaFX Application Thread] DEBUG Input                - Registered new binding: action4 - LMB
22:10:35.775 [JavaFX Application Thread] DEBUG FXGLAssetLoaderServi - Loading from file system: jar:file:/D:/maven/apache-maven-3.5.3/maven_repository/com/github/almasb/fxgl/17.3/fxgl-17.3.jar!/fxglassets/textures/fxgl_icon.png
22:10:35.795 [JavaFX Application Thread] DEBUG FXGLAssetLoaderServi - Loading from file system: jar:file:/D:/maven/apache-maven-3.5.3/maven_repository/com/github/almasb/fxgl/17.3/fxgl-17.3.jar!/fxglassets/textures/fxgl_default_cursor.png
22:10:35.799 [JavaFX Application Thread] DEBUG Input                - Registered new binding: Screenshot - CTRL+8
22:10:35.799 [JavaFX Application Thread] DEBUG Input                - Registered new binding: System info dump - CTRL+9
22:10:35.800 [JavaFX Application Thread] DEBUG Input                - Registered new binding: Restart - CTRL+R
22:10:35.802 [JavaFX Application Thread] DEBUG Input                - Registered new binding: Toggle Debug Camera - CTRL+7
22:10:35.809 [JavaFX Application Thread] DEBUG LoopRunner           - Starting loop
22:10:35.809 [JavaFX Application Thread] DEBUG LoopRunner           - Initializing JavaFX AnimationTimerLoop
22:10:35.814 [JavaFX Application Thread] DEBUG GameApplicationServi - Starting new game
22:10:35.815 [JavaFX Application Thread] DEBUG Input                - Clearing active input actions
22:10:35.828 [JavaFX Application Thread] DEBUG GameApplicationServi - Removing overlay from FXGLStartupScene and adding to FXGLLoadingScene
22:10:35.828 [JavaFX Application Thread] DEBUG PrimaryStageWindow   - FXGLStartupScene -> FXGLLoadingScene
22:10:35.828 [JavaFX Application Thread] DEBUG GameApplicationServi - Clearing previous game
22:10:35.829 [JavaFX Application Thread] DEBUG GameScene            - Clearing game scene
22:10:35.829 [JavaFX Application Thread] DEBUG GameWorld            - Clearing game world
22:10:35.829 [JavaFX Application Thread] DEBUG PhysicsWorld         - Clearing physics world
22:10:35.831 [FXGL Background Thread 4 ] DEBUG FXGLApplication      - Initializing game
22:10:35.834 [JavaFX Application Thread] DEBUG FXGLApplication      - Registering font factories with UI factory
22:10:35.894 [FXGL Background Thread 4 ] INFO  FXGLApplication      - Game initialization took: 0.062 sec
22:10:35.907 [JavaFX Application Thread] DEBUG Input                - Clearing active input actions
22:10:35.914 [JavaFX Application Thread] DEBUG GameApplicationServi - Removing overlay from FXGLLoadingScene and adding to GameScene
22:10:35.914 [JavaFX Application Thread] DEBUG PrimaryStageWindow   - FXGLLoadingScene -> GameScene
22:10:36.089 [FXGL Background Thread 2 ] WARN  UpdaterService       - Failed to find updates: javax.net.ssl.SSLHandshakeException: PKIX path building failed: sun.security.provider.certpath.SunCertPathBuilderException: unable to find valid certification path to requested target
22:10:38.692 [FXGL Background Thread 3 ] DEBUG Engine               - Logging environment variables
22:10:38.693 [FXGL Background Thread 3 ] DEBUG Engine               - achievements: []
22:10:38.693 [FXGL Background Thread 3 ] DEBUG Engine               - actualHeight: 800.0
22:10:38.693 [FXGL Background Thread 3 ] DEBUG Engine               - actualHeightProperty: ReadOnlyDoubleProperty [value: 800.0]
22:10:38.693 [FXGL Background Thread 3 ] DEBUG Engine               - actualWidth: 1000.0
22:10:38.693 [FXGL Background Thread 3 ] DEBUG Engine               - actualWidthProperty: ReadOnlyDoubleProperty [value: 1000.0]
22:10:38.693 [FXGL Background Thread 3 ] DEBUG Engine               - appIcon: fxgl_icon.png
22:10:38.693 [FXGL Background Thread 3 ] DEBUG Engine               - applicationMode: DEVELOPER
22:10:38.694 [FXGL Background Thread 3 ] DEBUG Engine               - cSSList: [fxgl_dark.css]
22:10:38.694 [FXGL Background Thread 3 ] DEBUG Engine               - collisionDetectionStrategy: BRUTE_FORCE
22:10:38.694 [FXGL Background Thread 3 ] DEBUG Engine               - configClass: Optional.empty
22:10:38.694 [FXGL Background Thread 3 ] DEBUG Engine               - credits: []
22:10:38.694 [FXGL Background Thread 3 ] DEBUG Engine               - defaultCursor: CursorInfo(imageName=fxgl_default_cursor.png, hotspotX=7.0, hotspotY=6.0)
22:10:38.694 [FXGL Background Thread 3 ] DEBUG Engine               - devBBoxColorProperty: ObjectProperty [value: 0xff0000ff]
22:10:38.694 [FXGL Background Thread 3 ] DEBUG Engine               - devEnableDebugCameraProperty: BooleanProperty [value: false]
22:10:38.694 [FXGL Background Thread 3 ] DEBUG Engine               - devSensorColorProperty: ObjectProperty [value: 0xffff00ff]
22:10:38.694 [FXGL Background Thread 3 ] DEBUG Engine               - devShowBBoxProperty: BooleanProperty [value: false]
22:10:38.694 [FXGL Background Thread 3 ] DEBUG Engine               - devShowPositionProperty: BooleanProperty [value: false]
22:10:38.695 [FXGL Background Thread 3 ] DEBUG Engine               - enabledMenuItems: []
22:10:38.695 [FXGL Background Thread 3 ] DEBUG Engine               - engineServices: [class com.almasb.fxgl.app.services.FXGLAssetLoaderService, class com.almasb.fxgl.app.FXGLApplication$GameApplicationService, class com.almasb.fxgl.app.services.FXGLDialogService, class com.almasb.fxgl.app.services.IOTaskExecutorService, class com.almasb.fxgl.io.FileSystemService, class com.almasb.fxgl.localization.LocalizationService, class com.almasb.fxgl.app.services.SystemBundleService, class com.almasb.fxgl.profile.SaveLoadService, class com.almasb.fxgl.ui.FXGLUIFactoryServiceProvider, class com.almasb.fxgl.ui.FXGLDialogFactoryServiceProvider, class com.almasb.fxgl.audio.AudioPlayer, class com.almasb.fxgl.notification.impl.NotificationServiceProvider, class com.almasb.fxgl.achievement.AchievementService, class com.almasb.fxgl.cutscene.CutsceneService, class com.almasb.fxgl.minigames.MiniGameService, class com.almasb.fxgl.net.NetService, class com.almasb.fxgl.app.services.UpdaterService, class com.almasb.fxgl.dev.DevService]
22:10:38.695 [FXGL Background Thread 3 ] DEBUG Engine               - fontGame: Abel-Regular.ttf
22:10:38.695 [FXGL Background Thread 3 ] DEBUG Engine               - fontMono: TerminalLandMono-Regular.otf
22:10:38.695 [FXGL Background Thread 3 ] DEBUG Engine               - fontSizeScaleUI: 1.0
22:10:38.695 [FXGL Background Thread 3 ] DEBUG Engine               - fontText: Courier-Prime.ttf
22:10:38.695 [FXGL Background Thread 3 ] DEBUG Engine               - fontUI: VarelaRound-Regular.ttf
22:10:38.695 [FXGL Background Thread 3 ] DEBUG Engine               - fullScreen: BooleanProperty [value: false]
22:10:38.695 [FXGL Background Thread 3 ] DEBUG Engine               - gameDifficulty: MEDIUM
22:10:38.695 [FXGL Background Thread 3 ] DEBUG Engine               - gameDifficultyProperty: ObjectProperty [value: MEDIUM]
22:10:38.695 [FXGL Background Thread 3 ] DEBUG Engine               - globalMusicVolume: 0.5
22:10:38.695 [FXGL Background Thread 3 ] DEBUG Engine               - globalMusicVolumeProperty: DoubleProperty [value: 0.5]
22:10:38.696 [FXGL Background Thread 3 ] DEBUG Engine               - globalSoundVolume: 0.5
22:10:38.696 [FXGL Background Thread 3 ] DEBUG Engine               - globalSoundVolumeProperty: DoubleProperty [value: 0.5]
22:10:38.696 [FXGL Background Thread 3 ] DEBUG Engine               - height: 800
22:10:38.696 [FXGL Background Thread 3 ] DEBUG Engine               - is3D: false
22:10:38.696 [FXGL Background Thread 3 ] DEBUG Engine               - isAndroid: false
22:10:38.696 [FXGL Background Thread 3 ] DEBUG Engine               - isBrowser: false
22:10:38.696 [FXGL Background Thread 3 ] DEBUG Engine               - isClickFeedbackEnabled: false
22:10:38.696 [FXGL Background Thread 3 ] DEBUG Engine               - isCloseConfirmation: false
22:10:38.696 [FXGL Background Thread 3 ] DEBUG Engine               - isDesktop: true
22:10:38.696 [FXGL Background Thread 3 ] DEBUG Engine               - isDeveloperMenuEnabled: false
22:10:38.696 [FXGL Background Thread 3 ] DEBUG Engine               - isEmbedded: false
22:10:38.696 [FXGL Background Thread 3 ] DEBUG Engine               - isEntityPreloadEnabled: true
22:10:38.696 [FXGL Background Thread 3 ] DEBUG Engine               - isExperimentalTiledLargeMap: false
22:10:38.696 [FXGL Background Thread 3 ] DEBUG Engine               - isFileSystemWriteAllowed: true
22:10:38.696 [FXGL Background Thread 3 ] DEBUG Engine               - isFullScreenAllowed: false
22:10:38.696 [FXGL Background Thread 3 ] DEBUG Engine               - isFullScreenFromStart: false
22:10:38.696 [FXGL Background Thread 3 ] DEBUG Engine               - isGameMenuEnabled: true
22:10:38.696 [FXGL Background Thread 3 ] DEBUG Engine               - isIOS: false
22:10:38.696 [FXGL Background Thread 3 ] DEBUG Engine               - isIntroEnabled: false
22:10:38.696 [FXGL Background Thread 3 ] DEBUG Engine               - isLinux: false
22:10:38.696 [FXGL Background Thread 3 ] DEBUG Engine               - isMac: false
22:10:38.696 [FXGL Background Thread 3 ] DEBUG Engine               - isMainMenuEnabled: false
22:10:38.696 [FXGL Background Thread 3 ] DEBUG Engine               - isManualResizeEnabled: false
22:10:38.696 [FXGL Background Thread 3 ] DEBUG Engine               - isMobile: false
22:10:38.696 [FXGL Background Thread 3 ] DEBUG Engine               - isNative: false
22:10:38.696 [FXGL Background Thread 3 ] DEBUG Engine               - isPauseMusicWhenMinimized: true
22:10:38.696 [FXGL Background Thread 3 ] DEBUG Engine               - isPreserveResizeRatio: false
22:10:38.696 [FXGL Background Thread 3 ] DEBUG Engine               - isProfilingEnabled: false
22:10:38.696 [FXGL Background Thread 3 ] DEBUG Engine               - isScaleAffectedOnResize: true
22:10:38.696 [FXGL Background Thread 3 ] DEBUG Engine               - isSingleStep: false
22:10:38.696 [FXGL Background Thread 3 ] DEBUG Engine               - isUserProfileEnabled: false
22:10:38.697 [FXGL Background Thread 3 ] DEBUG Engine               - isWindows: true
22:10:38.697 [FXGL Background Thread 3 ] DEBUG Engine               - language: ObjectProperty [value: ENGLISH]
22:10:38.697 [FXGL Background Thread 3 ] DEBUG Engine               - menuKey: ESCAPE
22:10:38.697 [FXGL Background Thread 3 ] DEBUG Engine               - mouseSensitivity: 0.2
22:10:38.697 [FXGL Background Thread 3 ] DEBUG Engine               - notificationViewClass: class com.almasb.fxgl.notification.view.XboxNotificationView
22:10:38.697 [FXGL Background Thread 3 ] DEBUG Engine               - pixelsPerMeter: 50.0
22:10:38.697 [FXGL Background Thread 3 ] DEBUG Engine               - platform: WINDOWS
22:10:38.697 [FXGL Background Thread 3 ] DEBUG Engine               - prefHeightProperty: ReadOnlyDoubleProperty [value: 800.0]
22:10:38.697 [FXGL Background Thread 3 ] DEBUG Engine               - prefWidthProperty: ReadOnlyDoubleProperty [value: 1000.0]
22:10:38.697 [FXGL Background Thread 3 ] DEBUG Engine               - profileDir: profiles/
22:10:38.697 [FXGL Background Thread 3 ] DEBUG Engine               - profileName: StringProperty [value: DEFAULT]
22:10:38.697 [FXGL Background Thread 3 ] DEBUG Engine               - randomSeed: -1
22:10:38.697 [FXGL Background Thread 3 ] DEBUG Engine               - runtimeInfo: RuntimeInfo(platform=WINDOWS, version=17.3, build=30.03.2023 11.49)
22:10:38.697 [FXGL Background Thread 3 ] DEBUG Engine               - saveFileExt: sav
22:10:38.697 [FXGL Background Thread 3 ] DEBUG Engine               - scaledHeightProp$fxgl: DoubleProperty [bound, value: 800.0]
22:10:38.697 [FXGL Background Thread 3 ] DEBUG Engine               - scaledWidthProp$fxgl: DoubleProperty [bound, value: 1000.0]
22:10:38.698 [FXGL Background Thread 3 ] DEBUG Engine               - sceneFactory: com.almasb.fxgl.app.scene.SceneFactory@642261b2
22:10:38.698 [FXGL Background Thread 3 ] DEBUG Engine               - secondsIn24h: 60
22:10:38.698 [FXGL Background Thread 3 ] DEBUG Engine               - soundMenuBack: menu/back.wav
22:10:38.698 [FXGL Background Thread 3 ] DEBUG Engine               - soundMenuPress: menu/press.wav
22:10:38.698 [FXGL Background Thread 3 ] DEBUG Engine               - soundMenuSelect: menu/select.wav
22:10:38.698 [FXGL Background Thread 3 ] DEBUG Engine               - soundNotification: core/notification.wav
22:10:38.698 [FXGL Background Thread 3 ] DEBUG Engine               - stageStyle: DECORATED
22:10:38.698 [FXGL Background Thread 3 ] DEBUG Engine               - supportedLanguages: [ENGLISH, FRENCH, GERMAN, HUNGARIAN, RUSSIAN]
22:10:38.698 [FXGL Background Thread 3 ] DEBUG Engine               - ticksPerSecond: -1
22:10:38.698 [FXGL Background Thread 3 ] DEBUG Engine               - title: 元气骑士阉割版
22:10:38.698 [FXGL Background Thread 3 ] DEBUG Engine               - urlGithub: https://github.com/AlmasB/FXGL
22:10:38.698 [FXGL Background Thread 3 ] DEBUG Engine               - urlLeaderboard: http://fxgl-top.herokuapp.com/
22:10:38.698 [FXGL Background Thread 3 ] DEBUG Engine               - urlPOM: https://raw.githubusercontent.com/AlmasB/FXGL/release/README.md
22:10:38.698 [FXGL Background Thread 3 ] DEBUG Engine               - userAppClass: class org.csu.demo.yuanqi.MainApp
22:10:38.698 [FXGL Background Thread 3 ] DEBUG Engine               - version: 0.2
22:10:38.698 [FXGL Background Thread 3 ] DEBUG Engine               - versionCheckDays: 7
22:10:38.698 [FXGL Background Thread 3 ] DEBUG Engine               - width: 1000
22:10:38.698 [FXGL Background Thread 3 ] DEBUG Engine               - Logging services
22:10:38.698 [FXGL Background Thread 3 ] DEBUG Engine               - class com.almasb.fxgl.app.services.FXGLAssetLoaderService
22:10:38.698 [FXGL Background Thread 3 ] DEBUG Engine               - class com.almasb.fxgl.app.FXGLApplication$GameApplicationService
22:10:38.698 [FXGL Background Thread 3 ] DEBUG Engine               - class com.almasb.fxgl.app.services.FXGLDialogService
22:10:38.698 [FXGL Background Thread 3 ] DEBUG Engine               - class com.almasb.fxgl.app.services.IOTaskExecutorService
22:10:38.698 [FXGL Background Thread 3 ] DEBUG Engine               - class com.almasb.fxgl.io.FileSystemService
22:10:38.698 [FXGL Background Thread 3 ] DEBUG Engine               - class com.almasb.fxgl.localization.LocalizationService
22:10:38.698 [FXGL Background Thread 3 ] DEBUG Engine               - class com.almasb.fxgl.app.services.SystemBundleService
22:10:38.698 [FXGL Background Thread 3 ] DEBUG Engine               - class com.almasb.fxgl.profile.SaveLoadService
22:10:38.698 [FXGL Background Thread 3 ] DEBUG Engine               - class com.almasb.fxgl.ui.FXGLUIFactoryServiceProvider
22:10:38.698 [FXGL Background Thread 3 ] DEBUG Engine               - class com.almasb.fxgl.ui.FXGLDialogFactoryServiceProvider
22:10:38.698 [FXGL Background Thread 3 ] DEBUG Engine               - class com.almasb.fxgl.audio.AudioPlayer
22:10:38.698 [FXGL Background Thread 3 ] DEBUG Engine               - class com.almasb.fxgl.notification.impl.NotificationServiceProvider
22:10:38.698 [FXGL Background Thread 3 ] DEBUG Engine               - class com.almasb.fxgl.achievement.AchievementService
22:10:38.698 [FXGL Background Thread 3 ] DEBUG Engine               - class com.almasb.fxgl.cutscene.CutsceneService
22:10:38.698 [FXGL Background Thread 3 ] DEBUG Engine               - class com.almasb.fxgl.minigames.MiniGameService
22:10:38.698 [FXGL Background Thread 3 ] DEBUG Engine               - class com.almasb.fxgl.net.NetService
22:10:38.698 [FXGL Background Thread 3 ] DEBUG Engine               - class com.almasb.fxgl.app.services.UpdaterService
22:10:38.698 [FXGL Background Thread 3 ] DEBUG Engine               - class com.almasb.fxgl.dev.DevService
22:11:00.900 [JavaFX Application Thread] DEBUG PrimaryStageWindow   - Push state: FXGLDefaultMenu
22:11:00.906 [JavaFX Application Thread] DEBUG Input                - Clearing active input actions
22:11:00.911 [JavaFX Application Thread] DEBUG GameApplicationServi - Removing overlay from GameScene and adding to FXGLDefaultMenu
22:11:00.912 [JavaFX Application Thread] DEBUG PrimaryStageWindow   - GameScene -> FXGLDefaultMenu
22:11:07.686 [JavaFX Application Thread] DEBUG PrimaryStageWindow   - Push state: DialogSubScene
22:11:07.686 [JavaFX Application Thread] DEBUG Input                - Clearing active input actions
22:11:07.686 [JavaFX Application Thread] DEBUG GameApplicationServi - Removing overlay from FXGLDefaultMenu and adding to DialogSubScene
22:11:07.686 [JavaFX Application Thread] DEBUG PrimaryStageWindow   - FXGLDefaultMenu -> DialogSubScene
22:11:09.193 [JavaFX Application Thread] DEBUG PrimaryStageWindow   - Pop state: DialogSubScene
22:11:09.194 [JavaFX Application Thread] DEBUG Input                - Clearing active input actions
22:11:09.194 [JavaFX Application Thread] DEBUG GameApplicationServi - Removing overlay from DialogSubScene and adding to FXGLDefaultMenu
22:11:09.194 [JavaFX Application Thread] DEBUG PrimaryStageWindow   - FXGLDefaultMenu <- DialogSubScene
22:11:09.194 [JavaFX Application Thread] DEBUG Menu                 - restoreDefaultSettings()
22:11:10.400 [JavaFX Application Thread] DEBUG PrimaryStageWindow   - Push state: DialogSubScene
22:11:10.400 [JavaFX Application Thread] DEBUG Input                - Clearing active input actions
22:11:10.400 [JavaFX Application Thread] DEBUG GameApplicationServi - Removing overlay from FXGLDefaultMenu and adding to DialogSubScene
22:11:10.400 [JavaFX Application Thread] DEBUG PrimaryStageWindow   - FXGLDefaultMenu -> DialogSubScene
22:11:11.284 [JavaFX Application Thread] DEBUG PrimaryStageWindow   - Pop state: DialogSubScene
22:11:11.284 [JavaFX Application Thread] DEBUG Input                - Clearing active input actions
22:11:11.284 [JavaFX Application Thread] DEBUG GameApplicationServi - Removing overlay from DialogSubScene and adding to FXGLDefaultMenu
22:11:11.285 [JavaFX Application Thread] DEBUG PrimaryStageWindow   - FXGLDefaultMenu <- DialogSubScene
22:11:14.150 [JavaFX Application Thread] DEBUG Menu                 - fireExit()
22:11:14.151 [JavaFX Application Thread] DEBUG PrimaryStageWindow   - Push state: DialogSubScene
22:11:14.151 [JavaFX Application Thread] DEBUG Input                - Clearing active input actions
22:11:14.151 [JavaFX Application Thread] DEBUG GameApplicationServi - Removing overlay from FXGLDefaultMenu and adding to DialogSubScene
22:11:14.151 [JavaFX Application Thread] DEBUG PrimaryStageWindow   - FXGLDefaultMenu -> DialogSubScene
22:11:15.003 [JavaFX Application Thread] DEBUG PrimaryStageWindow   - Pop state: DialogSubScene
22:11:15.003 [JavaFX Application Thread] DEBUG Input                - Clearing active input actions
22:11:15.003 [JavaFX Application Thread] DEBUG GameApplicationServi - Removing overlay from DialogSubScene and adding to FXGLDefaultMenu
22:11:15.004 [JavaFX Application Thread] DEBUG PrimaryStageWindow   - FXGLDefaultMenu <- DialogSubScene
22:11:15.004 [JavaFX Application Thread] DEBUG FXGLApplication      - Exiting FXGL
22:11:15.004 [JavaFX Application Thread] DEBUG LoopRunner           - Stopping loop
22:11:15.004 [JavaFX Application Thread] DEBUG SystemBundleService  - Saving FXGL system data
22:11:15.009 [JavaFX Application Thread] DEBUG FileSystemAccess     - Writing to: C:\Users\15139\Desktop\JavaFx-Basic\Yuanqi\system\fxgl.bundle
22:11:15.011 [JavaFX Application Thread] DEBUG Async                - Shutting down background threads
22:11:15.011 [JavaFX Application Thread] DEBUG PrimaryStageWindow   - Closing main window
22:11:15.028 [JavaFX Application Thread] DEBUG Logger               - Closing Logger
